2025-05-22 06:46:17.018: [INFO][Sync] Reset engine, reason: 8
2025-05-22 06:46:17.018: [INFO][Sync] Stopped: Bookmarks
2025-05-22 06:46:17.018: [INFO][Sync] Stopped: Preferences
2025-05-22 06:46:17.018: [INFO][Sync] Stopped: Passwords
2025-05-22 06:46:17.018: [INFO][Sync] Stopped: Autofill Profiles
2025-05-22 06:46:17.018: [INFO][Sync] Stopped: Autofill
2025-05-22 06:46:17.018: [INFO][Sync] Stopped: Extensions
2025-05-22 06:46:17.018: [INFO][Sync] Stopped: Sessions
2025-05-22 06:46:17.018: [INFO][Sync] Stopped: Extension settings
2025-05-22 06:46:17.018: [INFO][Sync] Stopped: History Delete Directives
2025-05-22 06:46:17.018: [INFO][Sync] Stopped: Device Info
2025-05-22 06:46:17.018: [INFO][Sync] Stopped: User Consents
2025-05-22 06:46:17.018: [INFO][Sync] Stopped: Send Tab To Self
2025-05-22 06:46:17.018: [INFO][Sync] Stopped: Web Apps
2025-05-22 06:46:17.018: [INFO][Sync] Stopped: History
2025-05-22 06:46:17.018: [INFO][Sync] Stopped: Saved Tab Group
2025-05-22 06:46:17.018: [INFO][Sync] Stopped: Collection
2025-05-22 06:46:17.018: [INFO][Sync] Stopped: Edge E Drop
2025-05-22 06:46:17.018: [INFO][Sync] Stopped: Edge Hub App Usage
2025-05-22 06:46:17.018: [INFO][Sync] Stopped: Edge Tab Group
2025-05-22 06:46:17.018: [INFO][Sync] Stopped: Edge Wallet
2025-05-22 06:46:17.018: [INFO][Sync] SyncState after authenticated was: NotSignedIn
2025-05-22 06:46:17.156: [INFO][Sync] Reset engine, reason: 8
2025-05-22 06:46:17.156: [INFO][Sync] Stopped: Bookmarks
2025-05-22 06:46:17.156: [INFO][Sync] Stopped: Preferences
2025-05-22 06:46:17.156: [INFO][Sync] Stopped: Passwords
2025-05-22 06:46:17.156: [INFO][Sync] Stopped: Autofill Profiles
2025-05-22 06:46:17.156: [INFO][Sync] Stopped: Autofill
2025-05-22 06:46:17.156: [INFO][Sync] Stopped: Extensions
2025-05-22 06:46:17.156: [INFO][Sync] Stopped: Sessions
2025-05-22 06:46:17.156: [INFO][Sync] Stopped: Extension settings
2025-05-22 06:46:17.156: [INFO][Sync] Stopped: History Delete Directives
2025-05-22 06:46:17.156: [INFO][Sync] Stopped: Device Info
2025-05-22 06:46:17.156: [INFO][Sync] Stopped: User Consents
2025-05-22 06:46:17.156: [INFO][Sync] Stopped: Send Tab To Self
2025-05-22 06:46:17.156: [INFO][Sync] Stopped: Web Apps
2025-05-22 06:46:17.156: [INFO][Sync] Stopped: History
2025-05-22 06:46:17.156: [INFO][Sync] Stopped: Saved Tab Group
2025-05-22 06:46:17.156: [INFO][Sync] Stopped: Collection
2025-05-22 06:46:17.156: [INFO][Sync] Stopped: Edge E Drop
2025-05-22 06:46:17.156: [INFO][Sync] Stopped: Edge Hub App Usage
2025-05-22 06:46:17.156: [INFO][Sync] Stopped: Edge Tab Group
2025-05-22 06:46:17.156: [INFO][Sync] Stopped: Edge Wallet
2025-05-22 07:36:37.099: [INFO][Sync] Reset engine, reason: 8
2025-05-22 07:36:37.099: [INFO][Sync] Stopped: Bookmarks
2025-05-22 07:36:37.099: [INFO][Sync] Stopped: Preferences
2025-05-22 07:36:37.099: [INFO][Sync] Stopped: Passwords
2025-05-22 07:36:37.099: [INFO][Sync] Stopped: Autofill Profiles
2025-05-22 07:36:37.099: [INFO][Sync] Stopped: Autofill
2025-05-22 07:36:37.099: [INFO][Sync] Stopped: Extensions
2025-05-22 07:36:37.099: [INFO][Sync] Stopped: Sessions
2025-05-22 07:36:37.099: [INFO][Sync] Stopped: Extension settings
2025-05-22 07:36:37.099: [INFO][Sync] Stopped: History Delete Directives
2025-05-22 07:36:37.099: [INFO][Sync] Stopped: Device Info
2025-05-22 07:36:37.099: [INFO][Sync] Stopped: User Consents
2025-05-22 07:36:37.099: [INFO][Sync] Stopped: Send Tab To Self
2025-05-22 07:36:37.099: [INFO][Sync] Stopped: Web Apps
2025-05-22 07:36:37.099: [INFO][Sync] Stopped: History
2025-05-22 07:36:37.099: [INFO][Sync] Stopped: Saved Tab Group
2025-05-22 07:36:37.099: [INFO][Sync] Stopped: Collection
2025-05-22 07:36:37.099: [INFO][Sync] Stopped: Edge E Drop
2025-05-22 07:36:37.099: [INFO][Sync] Stopped: Edge Hub App Usage
2025-05-22 07:36:37.099: [INFO][Sync] Stopped: Edge Tab Group
2025-05-22 07:36:37.099: [INFO][Sync] Stopped: Edge Wallet
2025-05-22 07:36:37.099: [INFO][Sync] SyncState after authenticated was: NotSignedIn
2025-05-22 07:36:37.191: [INFO][Sync] Reset engine, reason: 8
2025-05-22 07:36:37.191: [INFO][Sync] Stopped: Bookmarks
2025-05-22 07:36:37.191: [INFO][Sync] Stopped: Preferences
2025-05-22 07:36:37.191: [INFO][Sync] Stopped: Passwords
2025-05-22 07:36:37.191: [INFO][Sync] Stopped: Autofill Profiles
2025-05-22 07:36:37.191: [INFO][Sync] Stopped: Autofill
2025-05-22 07:36:37.191: [INFO][Sync] Stopped: Extensions
2025-05-22 07:36:37.191: [INFO][Sync] Stopped: Sessions
2025-05-22 07:36:37.191: [INFO][Sync] Stopped: Extension settings
2025-05-22 07:36:37.191: [INFO][Sync] Stopped: History Delete Directives
2025-05-22 07:36:37.191: [INFO][Sync] Stopped: Device Info
2025-05-22 07:36:37.191: [INFO][Sync] Stopped: User Consents
2025-05-22 07:36:37.191: [INFO][Sync] Stopped: Send Tab To Self
2025-05-22 07:36:37.191: [INFO][Sync] Stopped: Web Apps
2025-05-22 07:36:37.191: [INFO][Sync] Stopped: History
2025-05-22 07:36:37.191: [INFO][Sync] Stopped: Saved Tab Group
2025-05-22 07:36:37.191: [INFO][Sync] Stopped: Collection
2025-05-22 07:36:37.191: [INFO][Sync] Stopped: Edge E Drop
2025-05-22 07:36:37.191: [INFO][Sync] Stopped: Edge Hub App Usage
2025-05-22 07:36:37.191: [INFO][Sync] Stopped: Edge Tab Group
2025-05-22 07:36:37.191: [INFO][Sync] Stopped: Edge Wallet
2025-05-22 07:46:44.598: [INFO][Sync] Reset engine, reason: 8
2025-05-22 07:46:44.598: [INFO][Sync] Stopped: Bookmarks
2025-05-22 07:46:44.598: [INFO][Sync] Stopped: Preferences
2025-05-22 07:46:44.598: [INFO][Sync] Stopped: Passwords
2025-05-22 07:46:44.598: [INFO][Sync] Stopped: Autofill Profiles
2025-05-22 07:46:44.598: [INFO][Sync] Stopped: Autofill
2025-05-22 07:46:44.598: [INFO][Sync] Stopped: Extensions
2025-05-22 07:46:44.598: [INFO][Sync] Stopped: Sessions
2025-05-22 07:46:44.598: [INFO][Sync] Stopped: Extension settings
2025-05-22 07:46:44.598: [INFO][Sync] Stopped: History Delete Directives
2025-05-22 07:46:44.598: [INFO][Sync] Stopped: Device Info
2025-05-22 07:46:44.598: [INFO][Sync] Stopped: User Consents
2025-05-22 07:46:44.598: [INFO][Sync] Stopped: Send Tab To Self
2025-05-22 07:46:44.598: [INFO][Sync] Stopped: Web Apps
2025-05-22 07:46:44.598: [INFO][Sync] Stopped: History
2025-05-22 07:46:44.598: [INFO][Sync] Stopped: Saved Tab Group
2025-05-22 07:46:44.598: [INFO][Sync] Stopped: Collection
2025-05-22 07:46:44.598: [INFO][Sync] Stopped: Edge E Drop
2025-05-22 07:46:44.598: [INFO][Sync] Stopped: Edge Hub App Usage
2025-05-22 07:46:44.598: [INFO][Sync] Stopped: Edge Tab Group
2025-05-22 07:46:44.598: [INFO][Sync] Stopped: Edge Wallet
2025-05-22 07:46:44.598: [INFO][Sync] SyncState after authenticated was: NotSignedIn
2025-05-22 07:46:44.687: [INFO][Sync] Reset engine, reason: 8
2025-05-22 07:46:44.687: [INFO][Sync] Stopped: Bookmarks
2025-05-22 07:46:44.687: [INFO][Sync] Stopped: Preferences
2025-05-22 07:46:44.687: [INFO][Sync] Stopped: Passwords
2025-05-22 07:46:44.687: [INFO][Sync] Stopped: Autofill Profiles
2025-05-22 07:46:44.687: [INFO][Sync] Stopped: Autofill
2025-05-22 07:46:44.687: [INFO][Sync] Stopped: Extensions
2025-05-22 07:46:44.687: [INFO][Sync] Stopped: Sessions
2025-05-22 07:46:44.687: [INFO][Sync] Stopped: Extension settings
2025-05-22 07:46:44.687: [INFO][Sync] Stopped: History Delete Directives
2025-05-22 07:46:44.687: [INFO][Sync] Stopped: Device Info
2025-05-22 07:46:44.687: [INFO][Sync] Stopped: User Consents
2025-05-22 07:46:44.687: [INFO][Sync] Stopped: Send Tab To Self
2025-05-22 07:46:44.687: [INFO][Sync] Stopped: Web Apps
2025-05-22 07:46:44.687: [INFO][Sync] Stopped: History
2025-05-22 07:46:44.687: [INFO][Sync] Stopped: Saved Tab Group
2025-05-22 07:46:44.687: [INFO][Sync] Stopped: Collection
2025-05-22 07:46:44.687: [INFO][Sync] Stopped: Edge E Drop
2025-05-22 07:46:44.687: [INFO][Sync] Stopped: Edge Hub App Usage
2025-05-22 07:46:44.687: [INFO][Sync] Stopped: Edge Tab Group
2025-05-22 07:46:44.687: [INFO][Sync] Stopped: Edge Wallet
2025-05-22 07:55:57.175: [INFO][Sync] Reset engine, reason: 8
2025-05-22 07:55:57.175: [INFO][Sync] Stopped: Bookmarks
2025-05-22 07:55:57.175: [INFO][Sync] Stopped: Preferences
2025-05-22 07:55:57.175: [INFO][Sync] Stopped: Passwords
2025-05-22 07:55:57.175: [INFO][Sync] Stopped: Autofill Profiles
2025-05-22 07:55:57.175: [INFO][Sync] Stopped: Autofill
2025-05-22 07:55:57.175: [INFO][Sync] Stopped: Extensions
2025-05-22 07:55:57.175: [INFO][Sync] Stopped: Sessions
2025-05-22 07:55:57.175: [INFO][Sync] Stopped: Extension settings
2025-05-22 07:55:57.175: [INFO][Sync] Stopped: History Delete Directives
2025-05-22 07:55:57.175: [INFO][Sync] Stopped: Device Info
2025-05-22 07:55:57.175: [INFO][Sync] Stopped: User Consents
2025-05-22 07:55:57.175: [INFO][Sync] Stopped: Send Tab To Self
2025-05-22 07:55:57.175: [INFO][Sync] Stopped: Web Apps
2025-05-22 07:55:57.175: [INFO][Sync] Stopped: History
2025-05-22 07:55:57.175: [INFO][Sync] Stopped: Saved Tab Group
2025-05-22 07:55:57.175: [INFO][Sync] Stopped: Collection
2025-05-22 07:55:57.175: [INFO][Sync] Stopped: Edge E Drop
2025-05-22 07:55:57.175: [INFO][Sync] Stopped: Edge Hub App Usage
2025-05-22 07:55:57.175: [INFO][Sync] Stopped: Edge Tab Group
2025-05-22 07:55:57.175: [INFO][Sync] Stopped: Edge Wallet
2025-05-22 07:55:57.175: [INFO][Sync] SyncState after authenticated was: NotSignedIn
2025-05-22 07:55:57.267: [INFO][Sync] Reset engine, reason: 8
2025-05-22 07:55:57.267: [INFO][Sync] Stopped: Bookmarks
2025-05-22 07:55:57.267: [INFO][Sync] Stopped: Preferences
2025-05-22 07:55:57.267: [INFO][Sync] Stopped: Passwords
2025-05-22 07:55:57.267: [INFO][Sync] Stopped: Autofill Profiles
2025-05-22 07:55:57.267: [INFO][Sync] Stopped: Autofill
2025-05-22 07:55:57.267: [INFO][Sync] Stopped: Extensions
2025-05-22 07:55:57.267: [INFO][Sync] Stopped: Sessions
2025-05-22 07:55:57.267: [INFO][Sync] Stopped: Extension settings
2025-05-22 07:55:57.267: [INFO][Sync] Stopped: History Delete Directives
2025-05-22 07:55:57.267: [INFO][Sync] Stopped: Device Info
2025-05-22 07:55:57.267: [INFO][Sync] Stopped: User Consents
2025-05-22 07:55:57.267: [INFO][Sync] Stopped: Send Tab To Self
2025-05-22 07:55:57.267: [INFO][Sync] Stopped: Web Apps
2025-05-22 07:55:57.267: [INFO][Sync] Stopped: History
2025-05-22 07:55:57.267: [INFO][Sync] Stopped: Saved Tab Group
2025-05-22 07:55:57.267: [INFO][Sync] Stopped: Collection
2025-05-22 07:55:57.267: [INFO][Sync] Stopped: Edge E Drop
2025-05-22 07:55:57.267: [INFO][Sync] Stopped: Edge Hub App Usage
2025-05-22 07:55:57.267: [INFO][Sync] Stopped: Edge Tab Group
2025-05-22 07:55:57.267: [INFO][Sync] Stopped: Edge Wallet
